Flow report for RP
Wed Jul 02 13:35:33 2025
Quartus Prime Version 20.1.1 Build 720 11/11/2020 SJ Standard Edition


---------------------
; Table of Contents ;
---------------------
  1. Legal Notice
  2. Flow Summary
  3. Flow Settings
  4. Flow Non-Default Global Settings
  5. Flow Elapsed Time
  6. Flow OS Summary
  7. Flow Log
  8. Flow Messages
  9. Flow Suppressed Messages



----------------
; Legal Notice ;
----------------
Copyright (C) 2020  Intel Corporation. All rights reserved.
Your use of Intel Corporation's design tools, logic functions 
and other software and tools, and any partner logic 
functions, and any output files from any of the foregoing 
(including device programming or simulation files), and any 
associated documentation or information are expressly subject 
to the terms and conditions of the Intel Program License 
Subscription Agreement, the Intel Quartus Prime License Agreement,
the Intel FPGA IP License Agreement, or other applicable license
agreement, including, without limitation, that your use is for
the sole purpose of programming logic devices manufactured by
Intel and sold by Intel or its authorized distributors.  Please
refer to the applicable agreement for further details, at
https://fpgasoftware.intel.com/eula.



+-------------------------------------------------------------------------------+
; Flow Summary                                                                  ;
+-----------------------------+-------------------------------------------------+
; Flow Status                 ; Successful - Wed Jul 02 13:35:16 2025           ;
; Quartus Prime Version       ; 20.1.1 Build 720 11/11/2020 SJ Standard Edition ;
; Revision Name               ; RP                                              ;
; Top-level Entity Name       ; divider_wrapper                                 ;
; Family                      ; Arria 10                                        ;
; Device                      ; 10AX115U4F45I3VG                                ;
; Timing Models               ; Final                                           ;
; Logic utilization (in ALMs) ; 447 / 427,200 ( < 1 % )                         ;
; Total registers             ; 544                                             ;
; Total pins                  ; 34 / 928 ( 4 % )                                ;
; Total virtual pins          ; 0                                               ;
; Total block memory bits     ; 0 / 55,562,240 ( 0 % )                          ;
; Total DSP Blocks            ; 0 / 1,518 ( 0 % )                               ;
; Total HSSI RX channels      ; 0 / 96 ( 0 % )                                  ;
; Total HSSI TX channels      ; 0 / 96 ( 0 % )                                  ;
; Total PLLs                  ; 0 / 176 ( 0 % )                                 ;
+-----------------------------+-------------------------------------------------+


+-----------------------------------------+
; Flow Settings                           ;
+-------------------+---------------------+
; Option            ; Setting             ;
+-------------------+---------------------+
; Start date & time ; 07/02/2025 13:30:18 ;
; Main task         ; Compilation         ;
; Revision Name     ; RP                  ;
+-------------------+---------------------+


+------------------------------------------------------------------------------------------------------------------------------------------------------------+
; Flow Non-Default Global Settings                                                                                                                           ;
+-------------------------------------+---------------------------------------------------------------------+---------------+-------------------+------------+
; Assignment Name                     ; Value                                                               ; Default Value ; Entity Name       ; Section Id ;
+-------------------------------------+---------------------------------------------------------------------+---------------+-------------------+------------+
; COMPILER_SIGNATURE_ID               ; 24062491136.175145581811684                                         ; --            ; --                ; --         ;
; MAX_CORE_JUNCTION_TEMP              ; 100                                                                 ; --            ; --                ; --         ;
; MIN_CORE_JUNCTION_TEMP              ; -40                                                                 ; --            ; --                ; --         ;
; MISC_FILE                           ; divider_optimized/divider_optimized.cmp                             ; --            ; --                ; --         ;
; MISC_FILE                           ; divider_optimized/../divider_optimized.qsys                         ; --            ; --                ; --         ;
; PARTITION_COLOR                     ; -- (Not supported for targeted family)                              ; --            ; divider_wrapper   ; Top        ;
; PARTITION_FITTER_PRESERVATION_LEVEL ; -- (Not supported for targeted family)                              ; --            ; divider_wrapper   ; Top        ;
; PARTITION_NETLIST_TYPE              ; -- (Not supported for targeted family)                              ; --            ; divider_wrapper   ; Top        ;
; POWER_BOARD_THERMAL_MODEL           ; None (CONSERVATIVE)                                                 ; --            ; --                ; --         ;
; POWER_PRESET_COOLING_SOLUTION       ; 23 MM HEAT SINK WITH 200 LFPM AIRFLOW                               ; --            ; --                ; --         ;
; PROJECT_OUTPUT_DIRECTORY            ; output_files                                                        ; --            ; --                ; --         ;
; SLD_FILE                            ; divider_optimized/divider_optimized.debuginfo                       ; --            ; --                ; --         ;
; SLD_INFO                            ; QSYS_NAME divider_optimized HAS_SOPCINFO 1 GENERATION_ID 1751455404 ; --            ; divider_optimized ; --         ;
; SOPCINFO_FILE                       ; divider_optimized/../divider_optimized.sopcinfo                     ; --            ; --                ; --         ;
; SYNTHESIS_ONLY_QIP                  ; On                                                                  ; --            ; --                ; --         ;
; TOP_LEVEL_ENTITY                    ; divider_wrapper                                                     ; RP            ; --                ; --         ;
+-------------------------------------+---------------------------------------------------------------------+---------------+-------------------+------------+


+--------------------------------------------------------------------------------------------------------------------------+
; Flow Elapsed Time                                                                                                        ;
+----------------------+--------------+-------------------------+---------------------+------------------------------------+
; Module Name          ; Elapsed Time ; Average Processors Used ; Peak Virtual Memory ; Total CPU Time (on all processors) ;
+----------------------+--------------+-------------------------+---------------------+------------------------------------+
; Analysis & Synthesis ; 00:00:13     ; 1.0                     ; 4877 MB             ; 00:00:25                           ;
; Fitter               ; 00:03:32     ; 1.3                     ; 11556 MB            ; 00:07:26                           ;
; Assembler            ; 00:01:10     ; 1.0                     ; 10832 MB            ; 00:01:10                           ;
; Timing Analyzer      ; 00:00:14     ; 1.0                     ; 7164 MB             ; 00:00:20                           ;
; Total                ; 00:05:09     ; --                      ; --                  ; 00:09:21                           ;
+----------------------+--------------+-------------------------+---------------------+------------------------------------+


+------------------------------------------------------------------------------------+
; Flow OS Summary                                                                    ;
+----------------------+------------------+------------+------------+----------------+
; Module Name          ; Machine Hostname ; OS Name    ; OS Version ; Processor type ;
+----------------------+------------------+------------+------------+----------------+
; Analysis & Synthesis ; DESKTOP-SP49QCP  ; Windows 10 ; 10.0       ; x86_64         ;
; Fitter               ; DESKTOP-SP49QCP  ; Windows 10 ; 10.0       ; x86_64         ;
; Assembler            ; DESKTOP-SP49QCP  ; Windows 10 ; 10.0       ; x86_64         ;
; Timing Analyzer      ; DESKTOP-SP49QCP  ; Windows 10 ; 10.0       ; x86_64         ;
+----------------------+------------------+------------+------------+----------------+


------------
; Flow Log ;
------------
quartus_map --read_settings_files=on --write_settings_files=off RP -c RP
quartus_fit --read_settings_files=off --write_settings_files=off RP -c RP
quartus_asm --read_settings_files=off --write_settings_files=off RP -c RP
quartus_sta RP -c RP



