Flow report for dcqcn_scheduler
Fri Aug 01 18:21:46 2025
Quartus Prime Version 20.1.1 Build 720 11/11/2020 SJ Standard Edition


---------------------
; Table of Contents ;
---------------------
  1. Legal Notice
  2. Flow Summary
  3. Flow Settings
  4. Flow Non-Default Global Settings
  5. Flow Elapsed Time
  6. Flow OS Summary
  7. Flow Log
  8. Flow Messages
  9. Flow Suppressed Messages



----------------
; Legal Notice ;
----------------
Copyright (C) 2020  Intel Corporation. All rights reserved.
Your use of Intel Corporation's design tools, logic functions 
and other software and tools, and any partner logic 
functions, and any output files from any of the foregoing 
(including device programming or simulation files), and any 
associated documentation or information are expressly subject 
to the terms and conditions of the Intel Program License 
Subscription Agreement, the Intel Quartus Prime License Agreement,
the Intel FPGA IP License Agreement, or other applicable license
agreement, including, without limitation, that your use is for
the sole purpose of programming logic devices manufactured by
Intel and sold by Intel or its authorized distributors.  Please
refer to the applicable agreement for further details, at
https://fpgasoftware.intel.com/eula.



+-----------------------------------------------------------------------------------+
; Flow Summary                                                                      ;
+---------------------------------+-------------------------------------------------+
; Flow Status                     ; Successful - Fri Aug 01 18:21:08 2025           ;
; Quartus Prime Version           ; 20.1.1 Build 720 11/11/2020 SJ Standard Edition ;
; Revision Name                   ; dcqcn_scheduler                                 ;
; Top-level Entity Name           ; Scheduler_pipeline_top                          ;
; Family                          ; Stratix V                                       ;
; Device                          ; 5SEEBF45I3YY                                    ;
; Timing Models                   ; Final                                           ;
; Logic utilization (in ALMs)     ; 755 / 359,200 ( < 1 % )                         ;
; Total registers                 ; 1000                                            ;
; Total pins                      ; 51 / 840 ( 6 % )                                ;
; Total virtual pins              ; 0                                               ;
; Total block memory bits         ; 23,462,032 / 54,067,200 ( 43 % )                ;
; Total DSP Blocks                ; 0 / 352 ( 0 % )                                 ;
; Total HSSI STD RX PCSs          ; 0                                               ;
; Total HSSI 10G RX PCSs          ; 0                                               ;
; Total HSSI GEN3 RX PCSs         ; 0                                               ;
; Total HSSI PMA RX Deserializers ; 0                                               ;
; Total HSSI STD TX PCSs          ; 0                                               ;
; Total HSSI 10G TX PCSs          ; 0                                               ;
; Total HSSI GEN3 TX PCSs         ; 0                                               ;
; Total HSSI PMA TX Serializers   ; 0                                               ;
; Total HSSI PIPE GEN1_2s         ; 0                                               ;
; Total HSSI GEN3s                ; 0                                               ;
; Total PLLs                      ; 0 / 50 ( 0 % )                                  ;
; Total DLLs                      ; 0 / 4 ( 0 % )                                   ;
+---------------------------------+-------------------------------------------------+


+-----------------------------------------+
; Flow Settings                           ;
+-------------------+---------------------+
; Option            ; Setting             ;
+-------------------+---------------------+
; Start date & time ; 08/01/2025 18:04:48 ;
; Main task         ; Compilation         ;
; Revision Name     ; dcqcn_scheduler     ;
+-------------------+---------------------+


+--------------------------------------------------------------------------------------------------------------------------------------+
; Flow Non-Default Global Settings                                                                                                     ;
+-------------------------------------+----------------------------------------+-----------------+------------------------+------------+
; Assignment Name                     ; Value                                  ; Default Value   ; Entity Name            ; Section Id ;
+-------------------------------------+----------------------------------------+-----------------+------------------------+------------+
; COMPILER_SIGNATURE_ID               ; 24062491136.175406428846716            ; --              ; --                     ; --         ;
; MAX_CORE_JUNCTION_TEMP              ; 100                                    ; --              ; --                     ; --         ;
; MIN_CORE_JUNCTION_TEMP              ; -40                                    ; --              ; --                     ; --         ;
; MISC_FILE                           ; ../../../../Rate_RAM_2_PORT.cmp        ; --              ; --                     ; --         ;
; MISC_FILE                           ; ../../../../Flow_RAM_2_PORT.cmp        ; --              ; --                     ; --         ;
; MISC_FILE                           ; ../../../../Calendar_RAM_2_PORT.cmp    ; --              ; --                     ; --         ;
; PARTITION_COLOR                     ; -- (Not supported for targeted family) ; --              ; Scheduler_pipeline_top ; Top        ;
; PARTITION_FITTER_PRESERVATION_LEVEL ; -- (Not supported for targeted family) ; --              ; Scheduler_pipeline_top ; Top        ;
; PARTITION_NETLIST_TYPE              ; -- (Not supported for targeted family) ; --              ; Scheduler_pipeline_top ; Top        ;
; POWER_BOARD_THERMAL_MODEL           ; None (CONSERVATIVE)                    ; --              ; --                     ; --         ;
; POWER_PRESET_COOLING_SOLUTION       ; 23 MM HEAT SINK WITH 200 LFPM AIRFLOW  ; --              ; --                     ; --         ;
; PROJECT_OUTPUT_DIRECTORY            ; output_files                           ; --              ; --                     ; --         ;
; TOP_LEVEL_ENTITY                    ; Scheduler_pipeline_top                 ; dcqcn_scheduler ; --                     ; --         ;
+-------------------------------------+----------------------------------------+-----------------+------------------------+------------+


+--------------------------------------------------------------------------------------------------------------------------+
; Flow Elapsed Time                                                                                                        ;
+----------------------+--------------+-------------------------+---------------------+------------------------------------+
; Module Name          ; Elapsed Time ; Average Processors Used ; Peak Virtual Memory ; Total CPU Time (on all processors) ;
+----------------------+--------------+-------------------------+---------------------+------------------------------------+
; Analysis & Synthesis ; 00:00:24     ; 1.0                     ; 5016 MB             ; 00:00:31                           ;
; Fitter               ; 00:14:42     ; 1.1                     ; 8876 MB             ; 00:32:24                           ;
; Assembler            ; 00:01:09     ; 1.0                     ; 5675 MB             ; 00:00:45                           ;
; Timing Analyzer      ; 00:00:34     ; 1.7                     ; 6092 MB             ; 00:00:39                           ;
; Total                ; 00:16:49     ; --                      ; --                  ; 00:34:19                           ;
+----------------------+--------------+-------------------------+---------------------+------------------------------------+


+------------------------------------------------------------------------------------+
; Flow OS Summary                                                                    ;
+----------------------+------------------+------------+------------+----------------+
; Module Name          ; Machine Hostname ; OS Name    ; OS Version ; Processor type ;
+----------------------+------------------+------------+------------+----------------+
; Analysis & Synthesis ; DESKTOP-SP49QCP  ; Windows 10 ; 10.0       ; x86_64         ;
; Fitter               ; DESKTOP-SP49QCP  ; Windows 10 ; 10.0       ; x86_64         ;
; Assembler            ; DESKTOP-SP49QCP  ; Windows 10 ; 10.0       ; x86_64         ;
; Timing Analyzer      ; DESKTOP-SP49QCP  ; Windows 10 ; 10.0       ; x86_64         ;
+----------------------+------------------+------------+------------+----------------+


------------
; Flow Log ;
------------
quartus_map --read_settings_files=on --write_settings_files=off dcqcn_scheduler -c dcqcn_scheduler
quartus_fit --read_settings_files=off --write_settings_files=off dcqcn_scheduler -c dcqcn_scheduler
quartus_asm --read_settings_files=off --write_settings_files=off dcqcn_scheduler -c dcqcn_scheduler
quartus_sta dcqcn_scheduler -c dcqcn_scheduler



